2025-07-03 19:20:26,517 - INFO - Number of workers: 4 for DataLoader
2025-07-03 19:20:26,517 - INFO - Length of:
	Train DataLoader: 1245
	Test DataLoader: 312
	Val DataLoader: 389

2025-07-03 19:29:27,442 - INFO - Number of workers: 4 for DataLoader
2025-07-03 19:29:27,443 - INFO - Length of:
	Train DataLoader: 1245
	Test DataLoader: 312
	Val DataLoader: 389

2025-07-03 19:30:47,012 - INFO - Number of workers: 4 for DataLoader
2025-07-03 19:30:47,013 - INFO - Length of:
	Train DataLoader: 1245
	Test DataLoader: 312
	Val DataLoader: 389

2025-07-03 19:31:19,372 - INFO - Number of workers: 4 for DataLoader
2025-07-03 19:31:19,372 - INFO - Length of:
	Train DataLoader: 1245
	Test DataLoader: 312
	Val DataLoader: 389

2025-07-03 19:32:57,035 - INFO - Number of workers: 4 for DataLoader
2025-07-03 19:32:57,035 - INFO - Length of:
	Train DataLoader: 1245
	Test DataLoader: 312
	Val DataLoader: 389

2025-07-03 19:35:58,179 - INFO - Number of workers: 4 for DataLoader
2025-07-03 19:35:58,179 - INFO - Length of:
	Train DataLoader: 1245
	Test DataLoader: 312
	Val DataLoader: 389

